<?xml version="1.0" encoding="UTF-8"?>
<!-- Generated by org.testng.reporters.JUnitXMLReporter -->
<testsuite ignored="0" hostname="LAPTOP-0JHBB3KD" failures="1" tests="2" name="Test(failed)" time="28.247" errors="0" timestamp="2024-05-07T19:43:42 IST">
  <testcase classname="testCases.Tc_001_HomePageAndAccRgistrationTest" name="verifyingHomePage" time="5.265">
    <failure type="java.lang.AssertionError" message="null">
      <![CDATA[java.lang.AssertionError: null
at testCases.Tc_001_HomePageAndAccRgistrationTest.verifyingHomePage(Tc_001_HomePageAndAccRgistrationTest.java:66)
at java.base/java.util.ArrayList.forEach(ArrayList.java:1511)
... Removed 29 stack frames]]>
    </failure>
  </testcase> <!-- verifyingHomePage -->
  <testcase classname="testCases.TC_002_LogInTest" name="LogInTest" time="4.413"/>
</testsuite> <!-- Test(failed) -->
